<?xml version="1.0" encoding="utf-8"?><testsuites name="pytest tests"><testsuite name="pytest" errors="0" failures="0" skipped="0" tests="31" time="10.640" timestamp="2026-09-10T08:37:09.269007+00:00" hostname="agent-env-581ad5bb-110d-4331-bdfe-dff3e3ba57cf"><testcase classname="tests.backend_test.TestAuth" name="test_login_free" time="0.666" /><testcase classname="tests.backend_test.TestAI" name="test_from_ingredients_free_402" time="0.674" /><testcase classname="tests.backend_test.TestAuth" name="test_login_premium" time="0.367" /><testcase classname="tests.backend_test.TestAuth" name="test_login_invalid" time="0.434" /><testcase classname="tests.backend_test.TestAI" name="test_from_ingredients_premium_and_save_generated" time="6.627" /><testcase classname="tests.backend_test.TestAuth" name="test_me" time="0.485" /><testcase classname="tests.backend_test.TestAuth" name="test_register_and_delete" time="0.497" /><testcase classname="tests.backend_test.TestRecipes" name="test_list_recipes" time="0.127" /><testcase classname="tests.backend_test.TestRecipes" name="test_popular" time="0.119" /><testcase classname="tests.backend_test.TestRecipes" name="test_recommended" time="0.137" /><testcase classname="tests.backend_test.TestRecipes" name="test_get_recipe_and_like_save_history" time="1.162" /><testcase classname="tests.backend_test.TestRecipes" name="test_categories" time="0.132" /><testcase classname="tests.backend_test.TestUpdateMe" name="test_update_display_name_and_owner_name_sync" time="1.071" /><testcase classname="tests.backend_test.TestUpdateMe" name="test_update_empty_display_name_400" time="0.117" /><testcase classname="tests.backend_test.TestUpdateMe" name="test_update_only_avatar_url" time="0.369" /><testcase classname="tests.backend_test.TestUpdateMe" name="test_update_requires_auth" time="0.142" /><testcase classname="tests.backend_test.TestPrefs" name="test_set_prefs" time="0.121" /><testcase classname="tests.backend_test.TestPrefs" name="test_set_prefs_with_cuisines_and_skill_level" time="0.732" /><testcase classname="tests.backend_test.TestPrefs" name="test_set_prefs_defaults_empty_arrays_and_none" time="0.610" /><testcase classname="tests.backend_test.TestPrefs" name="test_register_new_user_not_onboarded" time="0.687" /><testcase classname="tests.backend_test.TestAI" name="test_save_generated_with_forced_numeric_quantities" time="0.120" /><testcase classname="tests.backend_test.TestAI" name="test_ai_ask" time="2.298" /><testcase classname="tests.backend_test.TestSubscription" name="test_status_free" time="0.138" /><testcase classname="tests.backend_test.TestSubscription" name="test_status_premium" time="0.586" /><testcase classname="tests.backend_test.TestSubscription" name="test_restore" time="0.114" /><testcase classname="tests.backend_test.TestMealPlan" name="test_meal_plan_free_gated" time="0.121" /><testcase classname="tests.backend_test.TestMealPlan" name="test_meal_plan_premium_flow" time="0.590" /><testcase classname="tests.backend_test.TestMealPlan" name="test_meal_plan_list_free_ok" time="0.143" /><testcase classname="tests.backend_test.TestHealth" name="test_root" time="0.138" /><testcase classname="tests.backend_test.TestAI" name="test_ai_scale_free_402" time="0.279" /><testcase classname="tests.backend_test.TestAI" name="test_ai_scale_premium" time="0.303" /></testsuite></testsuites>