<?xml version="1.0" encoding="utf-8"?><testsuites name="pytest tests"><testsuite name="pytest" errors="0" failures="1" skipped="0" tests="24" time="10.370" timestamp="2026-09-10T08:09:07.107202+00:00" hostname="agent-env-581ad5bb-110d-4331-bdfe-dff3e3ba57cf"><testcase classname="tests.backend_test.TestAuth" name="test_login_free" time="0.441" /><testcase classname="tests.backend_test.TestAuth" name="test_login_premium" time="0.451" /><testcase classname="tests.backend_test.TestAI" name="test_from_ingredients_free_402" time="0.894" /><testcase classname="tests.backend_test.TestAuth" name="test_login_invalid" time="0.343" /><testcase classname="tests.backend_test.TestAuth" name="test_me" time="0.582" /><testcase classname="tests.backend_test.TestAI" name="test_from_ingredients_premium_and_save_generated" time="6.486" /><testcase classname="tests.backend_test.TestAuth" name="test_register_and_delete" time="0.153"><failure message="assert 422 == 200&#10; +  where 422 = &lt;Response [422]&gt;.status_code">backend/tests/backend_test.py:70: in test_register_and_delete
    assert r.status_code == 200
E   assert 422 == 200
E    +  where 422 = &lt;Response [422]&gt;.status_code</failure></testcase><testcase classname="tests.backend_test.TestRecipes" name="test_list_recipes" time="0.168" /><testcase classname="tests.backend_test.TestRecipes" name="test_popular" time="0.125" /><testcase classname="tests.backend_test.TestRecipes" name="test_recommended" time="0.139" /><testcase classname="tests.backend_test.TestRecipes" name="test_get_recipe_and_like_save_history" time="1.234" /><testcase classname="tests.backend_test.TestRecipes" name="test_categories" time="0.153" /><testcase classname="tests.backend_test.TestSubscription" name="test_status_free" time="0.135" /><testcase classname="tests.backend_test.TestSubscription" name="test_status_premium" time="0.597" /><testcase classname="tests.backend_test.TestSubscription" name="test_restore" time="0.150" /><testcase classname="tests.backend_test.TestMealPlan" name="test_meal_plan_free_gated" time="0.128" /><testcase classname="tests.backend_test.TestMealPlan" name="test_meal_plan_premium_flow" time="0.536" /><testcase classname="tests.backend_test.TestMealPlan" name="test_meal_plan_list_free_ok" time="0.123" /><testcase classname="tests.backend_test.TestHealth" name="test_root" time="0.117" /><testcase classname="tests.backend_test.TestPrefs" name="test_set_prefs" time="0.136" /><testcase classname="tests.backend_test.TestAI" name="test_save_generated_with_forced_numeric_quantities" time="0.136" /><testcase classname="tests.backend_test.TestAI" name="test_ai_ask" time="2.044" /><testcase classname="tests.backend_test.TestAI" name="test_ai_scale_free_402" time="0.268" /><testcase classname="tests.backend_test.TestAI" name="test_ai_scale_premium" time="0.233" /></testsuite></testsuites>